# JRE version: OpenJDK Runtime Environment (11.0.8+10) (build 11.0.8+10-b944.6842174)
# Java VM: OpenJDK 64-Bit Server VM (11.0.8+10-b944.6842174, mixed mode, tiered, compressed oops, g1 gc, windows-amd64)
Heap:
 garbage-first heap   total 143360K, used 104365K [0x0000000080000000, 0x0000000100000000)
  region size 1024K, 70 young (71680K), 6 survivors (6144K)
 Metaspace       used 58608K, capacity 59989K, committed 60160K, reserved 1101824K
  class space    used 7421K, capacity 7906K, committed 7936K, reserved 1048576K
GC Heap History (20 events):
Event: 0.723 GC heap after
{Heap after GC invocations=1 (full 0):
 garbage-first heap   total 98304K, used 7816K [0x0000000080000000, 0x0000000100000000)
  region size 1024K, 2 young (2048K), 2 survivors (2048K)
 Metaspace       used 7427K, capacity 7615K, committed 7680K, reserved 1056768K
  class space    used 682K, capacity 748K, committed 768K, reserved 1048576K
}
Event: 1.125 GC heap before
{Heap before GC invocations=1 (full 0):
 garbage-first heap   total 98304K, used 20104K [0x0000000080000000, 0x0000000100000000)
  region size 1024K, 14 young (14336K), 2 survivors (2048K)
 Metaspace       used 10474K, capacity 10645K, committed 11008K, reserved 1058816K
  class space    used 1100K, capacity 1164K, committed 1280K, reserved 1048576K
}
Event: 1.130 GC heap after
{Heap after GC invocations=2 (full 0):
 garbage-first heap   total 98304K, used 8573K [0x0000000080000000, 0x0000000100000000)
  region size 1024K, 1 young (1024K), 1 survivors (1024K)
 Metaspace       used 10474K, capacity 10645K, committed 11008K, reserved 1058816K
  class space    used 1100K, capacity 1164K, committed 1280K, reserved 1048576K
}
Event: 1.559 GC heap before
{Heap before GC invocations=2 (full 0):
 garbage-first heap   total 98304K, used 39293K [0x0000000080000000, 0x0000000100000000)
  region size 1024K, 32 young (32768K), 1 survivors (1024K)
 Metaspace       used 10701K, capacity 10947K, committed 11264K, reserved 1058816K
  class space    used 1114K, capacity 1202K, committed 1280K, reserved 1048576K
}
Event: 1.565 GC heap after
{Heap after GC invocations=3 (full 0):
 garbage-first heap   total 98304K, used 13102K [0x0000000080000000, 0x0000000100000000)
  region size 1024K, 4 young (4096K), 4 survivors (4096K)
 Metaspace       used 10701K, capacity 10947K, committed 11264K, reserved 1058816K
  class space    used 1114K, capacity 1202K, committed 1280K, reserved 1048576K
}
Event: 2.941 GC heap before
{Heap before GC invocations=3 (full 0):
 garbage-first heap   total 98304K, used 53038K [0x0000000080000000, 0x0000000100000000)
  region size 1024K, 43 young (44032K), 4 survivors (4096K)
 Metaspace       used 18871K, capacity 19340K, committed 19456K, reserved 1067008K
  class space    used 2283K, capacity 2456K, committed 2560K, reserved 1048576K
}
Event: 2.949 GC heap after
{Heap after GC invocations=4 (full 0):
 garbage-first heap   total 98304K, used 15873K [0x0000000080000000, 0x0000000100000000)
  region size 1024K, 3 young (3072K), 3 survivors (3072K)
 Metaspace       used 18871K, capacity 19340K, committed 19456K, reserved 1067008K
  class space    used 2283K, capacity 2456K, committed 2560K, reserved 1048576K
}
Event: 3.143 GC heap before
{Heap before GC invocations=4 (full 0):
 garbage-first heap   total 98304K, used 27137K [0x0000000080000000, 0x0000000100000000)
  region size 1024K, 16 young (16384K), 3 survivors (3072K)
 Metaspace       used 20630K, capacity 21109K, committed 21248K, reserved 1067008K
  class space    used 2532K, capacity 2710K, committed 2816K, reserved 1048576K
}
Event: 3.149 GC heap after
{Heap after GC invocations=5 (full 0):
 garbage-first heap   total 118784K, used 16432K [0x0000000080000000, 0x0000000100000000)
  region size 1024K, 4 young (4096K), 4 survivors (4096K)
 Metaspace       used 20630K, capacity 21109K, committed 21248K, reserved 1067008K
  class space    used 2532K, capacity 2710K, committed 2816K, reserved 1048576K
}
Event: 3.915 GC heap before
{Heap before GC invocations=6 (full 0):
 garbage-first heap   total 118784K, used 61488K [0x0000000080000000, 0x0000000100000000)
  region size 1024K, 48 young (49152K), 4 survivors (4096K)
 Metaspace       used 25736K, capacity 26323K, committed 26496K, reserved 1073152K
  class space    used 3358K, capacity 3600K, committed 3712K, reserved 1048576K
}
Event: 3.924 GC heap after
{Heap after GC invocations=7 (full 0):
 garbage-first heap   total 118784K, used 18149K [0x0000000080000000, 0x0000000100000000)
  region size 1024K, 3 young (3072K), 3 survivors (3072K)
 Metaspace       used 25736K, capacity 26323K, committed 26496K, reserved 1073152K
  class space    used 3358K, capacity 3600K, committed 3712K, reserved 1048576K
}
Event: 5.031 GC heap before
{Heap before GC invocations=7 (full 0):
 garbage-first heap   total 118784K, used 70373K [0x0000000080000000, 0x0000000100000000)
  region size 1024K, 56 young (57344K), 3 survivors (3072K)
 Metaspace       used 35090K, capacity 35741K, committed 35840K, reserved 1081344K
  class space    used 4565K, capacity 4824K, committed 4864K, reserved 1048576K
}
Event: 5.043 GC heap after
{Heap after GC invocations=8 (full 0):
 garbage-first heap   total 118784K, used 21266K [0x0000000080000000, 0x0000000100000000)
  region size 1024K, 6 young (6144K), 6 survivors (6144K)
 Metaspace       used 35090K, capacity 35741K, committed 35840K, reserved 1081344K
  class space    used 4565K, capacity 4824K, committed 4864K, reserved 1048576K
}
Event: 6.031 GC heap before
{Heap before GC invocations=9 (full 0):
 garbage-first heap   total 118784K, used 80658K [0x0000000080000000, 0x0000000100000000)
  region size 1024K, 61 young (62464K), 6 survivors (6144K)
 Metaspace       used 40611K, capacity 41502K, committed 41600K, reserved 1085440K
  class space    used 5190K, capacity 5501K, committed 5504K, reserved 1048576K
}
Event: 6.050 GC heap after
{Heap after GC invocations=10 (full 0):
 garbage-first heap   total 118784K, used 24750K [0x0000000080000000, 0x0000000100000000)
  region size 1024K, 7 young (7168K), 7 survivors (7168K)
 Metaspace       used 40611K, capacity 41502K, committed 41600K, reserved 1085440K
  class space    used 5190K, capacity 5501K, committed 5504K, reserved 1048576K
}
Event: 7.120 GC heap before
{Heap before GC invocations=10 (full 0):
 garbage-first heap   total 118784K, used 80046K [0x0000000080000000, 0x0000000100000000)
  region size 1024K, 62 young (63488K), 7 survivors (7168K)
 Metaspace       used 44140K, capacity 45126K, committed 45184K, reserved 1089536K
  class space    used 5655K, capacity 6009K, committed 6016K, reserved 1048576K
}
Event: 7.135 GC heap after
{Heap after GC invocations=11 (full 0):
 garbage-first heap   total 143360K, used 27666K [0x0000000080000000, 0x0000000100000000)
  region size 1024K, 7 young (7168K), 7 survivors (7168K)
 Metaspace       used 44140K, capacity 45126K, committed 45184K, reserved 1089536K
  class space    used 5655K, capacity 6009K, committed 6016K, reserved 1048576K
}
Event: 8.446 GC heap before
{Heap before GC invocations=11 (full 0):
 garbage-first heap   total 143360K, used 97298K [0x0000000080000000, 0x0000000100000000)
  region size 1024K, 73 young (74752K), 7 survivors (7168K)
 Metaspace       used 50469K, capacity 51624K, committed 51968K, reserved 1093632K
  class space    used 6423K, capacity 6821K, committed 6912K, reserved 1048576K
}
Event: 8.461 GC heap after
{Heap after GC invocations=12 (full 0):
 garbage-first heap   total 143360K, used 38315K [0x0000000080000000, 0x0000000100000000)
  region size 1024K, 10 young (10240K), 10 survivors (10240K)
 Metaspace       used 50469K, capacity 51624K, committed 51968K, reserved 1093632K
  class space    used 6423K, capacity 6821K, committed 6912K, reserved 1048576K
}
Event: 9.845 GC heap before
{Heap before GC invocations=12 (full 0):
 garbage-first heap   total 143360K, used 102827K [0x0000000080000000, 0x0000000100000000)
  region size 1024K, 74 young (75776K), 10 survivors (10240K)
 Metaspace       used 58608K, capacity 59989K, committed 60160K, reserved 1101824K
  class space    used 7421K, capacity 7906K, committed 7936K, reserved 1048576K
}

